
> nextn@0.1.0 typecheck /workspace
> tsc --noEmit

jest.setup.ts(20,13): error TS2540: Cannot assign to 'NODE_ENV' because it is a read-only property.
next.config.ts(156,65): error TS2379: Argument of type '{ org: string | undefined; project: string | undefined; silent: boolean; widenClientFileUpload: boolean; reactComponentAnnotation: { enabled: boolean; }; hideSourceMaps: boolean; disableLogger: boolean; automaticVercelMonitors: boolean; }' is not assignable to parameter of type 'SentryBuildOptions' with 'exactOptionalPropertyTypes: true'. Consider adding 'undefined' to the types of the target's properties.
  Types of property 'org' are incompatible.
    Type 'string | undefined' is not assignable to type 'string'.
      Type 'undefined' is not assignable to type 'string'.
playwright.config.ts(3,29): error TS2769: No overload matches this call.
  The last overload gave the following error.
    Argument of type '{ testDir: string; fullyParallel: true; forbidOnly: boolean; retries: number; workers: number | undefined; reporter: (["html", { outputFolder: string; }] | ["json", { outputFile: string; }] | [...])[]; use: { ...; }; projects: { ...; }[]; webServer: { ...; }; }' is not assignable to parameter of type 'PlaywrightTestConfig<unknown, unknown>' with 'exactOptionalPropertyTypes: true'. Consider adding 'undefined' to the types of the target's properties.
      Types of property 'workers' are incompatible.
        Type 'number | undefined' is not assignable to type 'string | number'.
          Type 'undefined' is not assignable to type 'string | number'.
sentry.client.config.ts(3,13): error TS2379: Argument of type '{ dsn: string | undefined; environment: "test" | "development" | "production"; tracesSampleRate: number; debug: boolean; replaysOnErrorSampleRate: number; replaysSessionSampleRate: number; integrations: Replay[]; }' is not assignable to parameter of type 'Options<BaseTransportOptions> | BrowserOptions | NodeOptions | VercelEdgeOptions' with 'exactOptionalPropertyTypes: true'. Consider adding 'undefined' to the types of the target's properties.
  Type '{ dsn: string | undefined; environment: "test" | "development" | "production"; tracesSampleRate: number; debug: boolean; replaysOnErrorSampleRate: number; replaysSessionSampleRate: number; integrations: Replay[]; }' is not assignable to type 'BrowserOptions' with 'exactOptionalPropertyTypes: true'. Consider adding 'undefined' to the types of the target's properties.
    Type '{ dsn: string | undefined; environment: "test" | "development" | "production"; tracesSampleRate: number; debug: boolean; replaysOnErrorSampleRate: number; replaysSessionSampleRate: number; integrations: Replay[]; }' is not assignable to type 'Options<BrowserTransportOptions>' with 'exactOptionalPropertyTypes: true'. Consider adding 'undefined' to the types of the target's properties.
      Types of property 'dsn' are incompatible.
        Type 'string | undefined' is not assignable to type 'string'.
          Type 'undefined' is not assignable to type 'string'.
sentry.edge.config.ts(3,13): error TS2379: Argument of type '{ dsn: string | undefined; environment: "test" | "development" | "production"; tracesSampleRate: number; debug: boolean; }' is not assignable to parameter of type 'Options<BaseTransportOptions> | BrowserOptions | NodeOptions | VercelEdgeOptions' with 'exactOptionalPropertyTypes: true'. Consider adding 'undefined' to the types of the target's properties.
  Type '{ dsn: string | undefined; environment: "test" | "development" | "production"; tracesSampleRate: number; debug: boolean; }' is not assignable to type 'VercelEdgeOptions' with 'exactOptionalPropertyTypes: true'. Consider adding 'undefined' to the types of the target's properties.
    Types of property 'dsn' are incompatible.
      Type 'string | undefined' is not assignable to type 'string'.
        Type 'undefined' is not assignable to type 'string'.
sentry.server.config.ts(3,13): error TS2379: Argument of type '{ dsn: string | undefined; environment: "test" | "development" | "production"; tracesSampleRate: number; debug: boolean; }' is not assignable to parameter of type 'Options<BaseTransportOptions> | BrowserOptions | NodeOptions | VercelEdgeOptions' with 'exactOptionalPropertyTypes: true'. Consider adding 'undefined' to the types of the target's properties.
  Type '{ dsn: string | undefined; environment: "test" | "development" | "production"; tracesSampleRate: number; debug: boolean; }' is not assignable to type 'VercelEdgeOptions' with 'exactOptionalPropertyTypes: true'. Consider adding 'undefined' to the types of the target's properties.
    Types of property 'dsn' are incompatible.
      Type 'string | undefined' is not assignable to type 'string'.
        Type 'undefined' is not assignable to type 'string'.
src/app/page.test.tsx(5,1): error TS2304: Cannot find name 'vi'.
src/app/page.test.tsx(11,1): error TS2582: Cannot find name 'describe'. Do you need to install type definitions for a test runner? Try `npm i --save-dev @types/jest` or `npm i --save-dev @types/mocha`.
src/app/page.test.tsx(12,3): error TS2582: Cannot find name 'it'. Do you need to install type definitions for a test runner? Try `npm i --save-dev @types/jest` or `npm i --save-dev @types/mocha`.
src/app/page.test.tsx(14,5): error TS2304: Cannot find name 'expect'.
src/app/page.test.tsx(17,3): error TS2582: Cannot find name 'it'. Do you need to install type definitions for a test runner? Try `npm i --save-dev @types/jest` or `npm i --save-dev @types/mocha`.
src/app/page.test.tsx(19,5): error TS2304: Cannot find name 'expect'.
src/app/page.test.tsx(20,5): error TS2304: Cannot find name 'expect'.
src/app/page.test.tsx(21,5): error TS2304: Cannot find name 'expect'.
src/app/page.test.tsx(22,5): error TS2304: Cannot find name 'expect'.
src/app/page.test.tsx(25,3): error TS2582: Cannot find name 'it'. Do you need to install type definitions for a test runner? Try `npm i --save-dev @types/jest` or `npm i --save-dev @types/mocha`.
src/app/page.test.tsx(27,5): error TS2304: Cannot find name 'expect'.
src/app/page.test.tsx(32,3): error TS2582: Cannot find name 'it'. Do you need to install type definitions for a test runner? Try `npm i --save-dev @types/jest` or `npm i --save-dev @types/mocha`.
src/app/page.test.tsx(34,5): error TS2304: Cannot find name 'expect'.
src/components/ErrorBoundary.test.tsx(11,1): error TS2582: Cannot find name 'describe'. Do you need to install type definitions for a test runner? Try `npm i --save-dev @types/jest` or `npm i --save-dev @types/mocha`.
src/components/ErrorBoundary.test.tsx(12,3): error TS2582: Cannot find name 'it'. Do you need to install type definitions for a test runner? Try `npm i --save-dev @types/jest` or `npm i --save-dev @types/mocha`.
src/components/ErrorBoundary.test.tsx(18,5): error TS2304: Cannot find name 'expect'.
src/components/ErrorBoundary.test.tsx(21,3): error TS2582: Cannot find name 'it'. Do you need to install type definitions for a test runner? Try `npm i --save-dev @types/jest` or `npm i --save-dev @types/mocha`.
src/components/ErrorBoundary.test.tsx(22,24): error TS2304: Cannot find name 'vi'.
src/components/ErrorBoundary.test.tsx(30,5): error TS2304: Cannot find name 'expect'.
src/components/ErrorBoundary.test.tsx(31,5): error TS2304: Cannot find name 'expect'.
src/components/ErrorBoundary.tsx(40,19): error TS2345: Argument of type '{ hasError: false; error: undefined; }' is not assignable to parameter of type 'ErrorBoundaryState | ((prevState: Readonly<ErrorBoundaryState>, props: Readonly<ErrorBoundaryProps>) => ErrorBoundaryState | ... 1 more ... | null) | Pick<...> | null'.
  Type '{ hasError: false; error: undefined; }' is not assignable to type 'Pick<ErrorBoundaryState, "error" | "hasError">' with 'exactOptionalPropertyTypes: true'. Consider adding 'undefined' to the types of the target's properties.
    Types of property 'error' are incompatible.
      Type 'undefined' is not assignable to type 'Error'.
src/components/ErrorBoundary.tsx(120,13): error TS2322: Type '({ error, resetError, }: { error: Error; resetError: () => void; }) => Element' is not assignable to type 'ReactElement<any, string | JSXElementConstructor<any>> | FallbackRender | undefined'.
  Type '({ error, resetError, }: { error: Error; resetError: () => void; }) => Element' is not assignable to type 'FallbackRender'.
    Types of parameters '__0' and 'errorData' are incompatible.
      Type '{ error: unknown; componentStack: string; eventId: string; resetError(): void; }' is not assignable to type '{ error: Error; resetError: () => void; }'.
        Types of property 'error' are incompatible.
          Type 'unknown' is not assignable to type 'Error'.
src/components/ScreenplayEditor.tsx(60,46): error TS2769: No overload matches this call.
  The last overload gave the following error.
    Type 'string | undefined' is not assignable to type 'string'.
      Type 'undefined' is not assignable to type 'string'.
src/components/ScreenplayEditor.tsx(79,20): error TS2322: Type 'string | undefined' is not assignable to type 'string'.
  Type 'undefined' is not assignable to type 'string'.
src/components/ScreenplayEditor.tsx(445,32): error TS2345: Argument of type 'string | undefined' is not assignable to parameter of type 'string'.
  Type 'undefined' is not assignable to type 'string'.
src/components/ScreenplayEditor.tsx(548,33): error TS2532: Object is possibly 'undefined'.
src/components/ScreenplayEditor.tsx(549,32): error TS2532: Object is possibly 'undefined'.
src/components/ScreenplayEditor.tsx(1347,28): error TS2339: Property 'find' does not exist on type 'Window & typeof globalThis'.
src/components/ScreenplayEditor.tsx(1589,18): error TS2532: Object is possibly 'undefined'.
src/components/ScreenplayEditor.tsx(1590,18): error TS2532: Object is possibly 'undefined'.
src/components/station-card.tsx(22,24): error TS7031: Binding element 'station' implicitly has an 'any' type.
src/components/station-card.tsx(22,33): error TS7031: Binding element 'status' implicitly has an 'any' type.
src/components/station-card.tsx(22,41): error TS7031: Binding element 'results' implicitly has an 'any' type.
src/components/station-card.tsx(22,50): error TS7031: Binding element 'isActive' implicitly has an 'any' type.
src/components/station-card.tsx(92,15): error TS7053: Element implicitly has an 'any' type because expression of type 'any' can't be used to index type '{ pending: Element; running: Element; completed: Element; failed: Element; }'.
src/components/stations-pipeline.tsx(141,25): error TS2345: Argument of type 'string' is not assignable to parameter of type 'SetStateAction<null>'.
src/components/stations-pipeline.tsx(141,41): error TS18046: 'error' is of type 'unknown'.
src/components/stations-pipeline.tsx(144,24): error TS18046: 'error' is of type 'unknown'.
src/components/ui/button.test.tsx(4,1): error TS2582: Cannot find name 'describe'. Do you need to install type definitions for a test runner? Try `npm i --save-dev @types/jest` or `npm i --save-dev @types/mocha`.
src/components/ui/button.test.tsx(5,3): error TS2582: Cannot find name 'it'. Do you need to install type definitions for a test runner? Try `npm i --save-dev @types/jest` or `npm i --save-dev @types/mocha`.
src/components/ui/button.test.tsx(7,5): error TS2304: Cannot find name 'expect'.
src/components/ui/button.test.tsx(12,3): error TS2582: Cannot find name 'it'. Do you need to install type definitions for a test runner? Try `npm i --save-dev @types/jest` or `npm i --save-dev @types/mocha`.
src/components/ui/button.test.tsx(15,5): error TS2304: Cannot find name 'expect'.
src/components/ui/button.test.tsx(18,3): error TS2582: Cannot find name 'it'. Do you need to install type definitions for a test runner? Try `npm i --save-dev @types/jest` or `npm i --save-dev @types/mocha`.
src/components/ui/button.test.tsx(21,5): error TS2304: Cannot find name 'expect'.
src/components/ui/button.test.tsx(24,3): error TS2582: Cannot find name 'it'. Do you need to install type definitions for a test runner? Try `npm i --save-dev @types/jest` or `npm i --save-dev @types/mocha`.
src/components/ui/button.test.tsx(27,5): error TS2304: Cannot find name 'expect'.
src/components/ui/chart.tsx(142,34): error TS18048: 'item' is possibly 'undefined'.
src/components/ui/chart.tsx(142,50): error TS18048: 'item' is possibly 'undefined'.
src/components/ui/dropdown-menu.tsx(99,4): error TS2375: Type '{ children: (ReactNode | Element)[]; onError?: ReactEventHandler<HTMLDivElement> | undefined; prefix?: string | undefined; ... 280 more ...; checked: CheckedState | undefined; }' is not assignable to type 'DropdownMenuCheckboxItemProps' with 'exactOptionalPropertyTypes: true'. Consider adding 'undefined' to the types of the target's properties.
  Types of property 'checked' are incompatible.
    Type 'CheckedState | undefined' is not assignable to type 'CheckedState'.
      Type 'undefined' is not assignable to type 'CheckedState'.
src/components/ui/menubar.tsx(152,4): error TS2375: Type '{ children: (ReactNode | Element)[]; onError?: ReactEventHandler<HTMLDivElement> | undefined; prefix?: string | undefined; ... 280 more ...; checked: CheckedState | undefined; }' is not assignable to type 'MenubarCheckboxItemProps' with 'exactOptionalPropertyTypes: true'. Consider adding 'undefined' to the types of the target's properties.
  Types of property 'checked' are incompatible.
    Type 'CheckedState | undefined' is not assignable to type 'CheckedState'.
      Type 'undefined' is not assignable to type 'CheckedState'.
src/hooks/use-toast.ts(190,45): error TS2345: Argument of type '{ type: "DISMISS_TOAST"; toastId: string | undefined; }' is not assignable to parameter of type 'Action'.
  Type '{ type: "DISMISS_TOAST"; toastId: string | undefined; }' is not assignable to type '{ type: "DISMISS_TOAST"; toastId?: string; }' with 'exactOptionalPropertyTypes: true'. Consider adding 'undefined' to the types of the target's properties.
    Types of property 'toastId' are incompatible.
      Type 'string | undefined' is not assignable to type 'string'.
        Type 'undefined' is not assignable to type 'string'.
src/lib/__tests__/utils.test.ts(3,1): error TS2582: Cannot find name 'describe'. Do you need to install type definitions for a test runner? Try `npm i --save-dev @types/jest` or `npm i --save-dev @types/mocha`.
src/lib/__tests__/utils.test.ts(4,3): error TS2582: Cannot find name 'describe'. Do you need to install type definitions for a test runner? Try `npm i --save-dev @types/jest` or `npm i --save-dev @types/mocha`.
src/lib/__tests__/utils.test.ts(6,5): error TS2582: Cannot find name 'it'. Do you need to install type definitions for a test runner? Try `npm i --save-dev @types/jest` or `npm i --save-dev @types/mocha`.
src/lib/__tests__/utils.test.ts(8,7): error TS2304: Cannot find name 'expect'.
src/lib/__tests__/utils.test.ts(12,5): error TS2582: Cannot find name 'it'. Do you need to install type definitions for a test runner? Try `npm i --save-dev @types/jest` or `npm i --save-dev @types/mocha`.
src/lib/__tests__/utils.test.ts(14,7): error TS2304: Cannot find name 'expect'.
src/lib/__tests__/utils.test.ts(18,5): error TS2582: Cannot find name 'it'. Do you need to install type definitions for a test runner? Try `npm i --save-dev @types/jest` or `npm i --save-dev @types/mocha`.
src/lib/__tests__/utils.test.ts(21,7): error TS2304: Cannot find name 'expect'.
src/lib/__tests__/utils.test.ts(25,5): error TS2582: Cannot find name 'it'. Do you need to install type definitions for a test runner? Try `npm i --save-dev @types/jest` or `npm i --save-dev @types/mocha`.
src/lib/__tests__/utils.test.ts(28,7): error TS2304: Cannot find name 'expect'.
src/lib/__tests__/utils.test.ts(32,5): error TS2582: Cannot find name 'it'. Do you need to install type definitions for a test runner? Try `npm i --save-dev @types/jest` or `npm i --save-dev @types/mocha`.
src/lib/__tests__/utils.test.ts(34,7): error TS2304: Cannot find name 'expect'.
src/lib/__tests__/utils.test.ts(38,5): error TS2582: Cannot find name 'it'. Do you need to install type definitions for a test runner? Try `npm i --save-dev @types/jest` or `npm i --save-dev @types/mocha`.
src/lib/__tests__/utils.test.ts(45,7): error TS2304: Cannot find name 'expect'.
src/lib/__tests__/utils.test.ts(49,5): error TS2582: Cannot find name 'it'. Do you need to install type definitions for a test runner? Try `npm i --save-dev @types/jest` or `npm i --save-dev @types/mocha`.
src/lib/__tests__/utils.test.ts(51,7): error TS2304: Cannot find name 'expect'.
src/lib/__tests__/utils.test.ts(55,5): error TS2582: Cannot find name 'it'. Do you need to install type definitions for a test runner? Try `npm i --save-dev @types/jest` or `npm i --save-dev @types/mocha`.
src/lib/__tests__/utils.test.ts(57,7): error TS2304: Cannot find name 'expect'.
src/lib/__tests__/utils.test.ts(61,5): error TS2582: Cannot find name 'it'. Do you need to install type definitions for a test runner? Try `npm i --save-dev @types/jest` or `npm i --save-dev @types/mocha`.
src/lib/__tests__/utils.test.ts(68,7): error TS2304: Cannot find name 'expect'.
src/lib/__tests__/utils.test.ts(72,5): error TS2582: Cannot find name 'it'. Do you need to install type definitions for a test runner? Try `npm i --save-dev @types/jest` or `npm i --save-dev @types/mocha`.
src/lib/__tests__/utils.test.ts(74,7): error TS2304: Cannot find name 'expect'.
src/lib/ai/stations/efficiency-metrics.ts(155,21): error TS18048: 'conflict.relatedRelationships' is possibly 'undefined'.
src/lib/ai/stations/environment.ts(230,16): error TS2339: Property 'isProduction' does not exist on type '{ NODE_ENV: "test" | "development" | "production"; GEMINI_API_KEY: string; PORT: number; API_BASE_URL: string; DATABASE_URL: string; VALID_API_KEYS: string[]; SESSION_SECRET: string; ALLOWED_ORIGINS: string[]; ... 25 more ...; REDIS_URL?: string | undefined; }'.
src/lib/ai/stations/network-diagnostics.ts(177,65): error TS2554: Expected 0 arguments, but got 1.
src/lib/ai/stations/network-diagnostics.ts(203,57): error TS2554: Expected 0 arguments, but got 1.
src/lib/ai/stations/network-diagnostics.ts(211,57): error TS2554: Expected 0 arguments, but got 1.
src/lib/ai/stations/network-diagnostics.ts(241,63): error TS2554: Expected 0 arguments, but got 1.
src/lib/ai/stations/network-diagnostics.ts(429,9): error TS18048: 'conflict.timestamps' is possibly 'undefined'.
src/lib/ai/stations/network-diagnostics.ts(431,24): error TS18048: 'conflict.timestamps' is possibly 'undefined'.
src/lib/ai/stations/network-diagnostics.ts(431,44): error TS18048: 'conflict.timestamps' is possibly 'undefined'.
src/lib/ai/stations/routes.ts(1,30): error TS2307: Cannot find module 'express' or its corresponding type declarations.
src/lib/ai/stations/routes.ts(63,12): error TS7006: Parameter 'req' implicitly has an 'any' type.
src/lib/ai/stations/routes.ts(63,17): error TS7006: Parameter 'res' implicitly has an 'any' type.
src/lib/ai/stations/routes.ts(136,12): error TS7006: Parameter 'req' implicitly has an 'any' type.
src/lib/ai/stations/routes.ts(136,17): error TS7006: Parameter 'res' implicitly has an 'any' type.
src/lib/ai/stations/routes.ts(147,63): error TS2345: Argument of type 'Record<string, unknown>' is not assignable to parameter of type 'PipelineInput'.
  Type 'Record<string, unknown>' is missing the following properties from type 'PipelineInput': fullText, projectName
src/lib/ai/stations/routes.ts(179,63): error TS7006: Parameter '_req' implicitly has an 'any' type.
src/lib/ai/stations/routes.ts(179,69): error TS7006: Parameter 'res' implicitly has an 'any' type.
src/lib/ai/stations/station2-conceptual-analysis.ts(4,33): error TS2307: Cannot find module '../../types/contexts' or its corresponding type declarations.
src/lib/ai/stations/station3-network-builder.ts(19,33): error TS2307: Cannot find module '../../types/contexts' or its corresponding type declarations.
src/lib/ai/stations/station3-network-builder.ts(165,7): error TS2345: Argument of type '([name, profile]: [any, any]) => { name: any; personalityTraits: any; motivationsGoals: any; narrativeFunction: any; keyRelationshipsBrief: any; }' is not assignable to parameter of type '(value: unknown, index: number, array: unknown[]) => { name: any; personalityTraits: any; motivationsGoals: any; narrativeFunction: any; keyRelationshipsBrief: any; }'.
  Types of parameters '__0' and 'value' are incompatible.
    Type 'unknown' is not assignable to type '[any, any]'.
src/lib/ai/stations/station3-network-builder.ts(175,15): error TS7006: Parameter 'item' implicitly has an 'any' type.
src/lib/ai/stations/station3-network-builder.ts(176,12): error TS7006: Parameter 'item' implicitly has an 'any' type.
src/lib/ai/stations/station3-network-builder.ts(344,15): error TS7006: Parameter 'item' implicitly has an 'any' type.
src/lib/ai/stations/station3-network-builder.ts(345,12): error TS7006: Parameter 'item' implicitly has an 'any' type.
src/lib/ai/stations/station5-dynamic-symbolic-stylistic.ts(806,24): error TS2345: Argument of type 'Record<string, unknown>' is not assignable to parameter of type 'SeasonDetails'.
  Type 'Record<string, unknown>' is missing the following properties from type 'SeasonDetails': seasonNumber, seasonTitle, episodes, majorConflicts, seasonArc
src/lib/drama-analyst/agents/adaptiveRewriting/agent.ts(2,10): error TS2305: Module '"@core/types"' has no exported member 'AIAgentConfig'.
src/lib/drama-analyst/agents/adaptiveRewriting/agent.ts(5,18): error TS2339: Property 'ADAPTIVE_REWRITING' does not exist on type 'typeof TaskType'.
src/lib/drama-analyst/agents/adaptiveRewriting/agent.ts(30,33): error TS2339: Property 'PLATFORM_ADAPTER' does not exist on type 'typeof TaskType'.
src/lib/drama-analyst/agents/adaptiveRewriting/agent.ts(30,95): error TS2339: Property 'STYLE_FINGERPRINT' does not exist on type 'typeof TaskType'.
src/lib/drama-analyst/agents/adaptiveRewriting/agent.ts(31,26): error TS2339: Property 'STYLE_FINGERPRINT' does not exist on type 'typeof TaskType'.
src/lib/drama-analyst/agents/adaptiveRewriting/agent.ts(32,25): error TS2339: Property 'PLATFORM_ADAPTER' does not exist on type 'typeof TaskType'.
src/lib/drama-analyst/agents/analysis/agent.ts(2,10): error TS2305: Module '"@core/types"' has no exported member 'AIAgentConfig'.
src/lib/drama-analyst/agents/audienceResonance/agent.ts(2,10): error TS2305: Module '"@core/types"' has no exported member 'AIAgentConfig'.
src/lib/drama-analyst/agents/audienceResonance/agent.ts(5,18): error TS2339: Property 'AUDIENCE_RESONANCE' does not exist on type 'typeof TaskType'.
src/lib/drama-analyst/agents/characterDeepAnalyzer/agent.ts(2,10): error TS2305: Module '"@core/types"' has no exported member 'AIAgentConfig'.
src/lib/drama-analyst/agents/characterDeepAnalyzer/agent.ts(30,33): error TS2339: Property 'CHARACTER_NETWORK' does not exist on type 'typeof TaskType'.
src/lib/drama-analyst/agents/characterDeepAnalyzer/agent.ts(30,61): error TS2339: Property 'CHARACTER_VOICE' does not exist on type 'typeof TaskType'.
src/lib/drama-analyst/agents/characterDeepAnalyzer/agent.ts(32,25): error TS2339: Property 'CHARACTER_VOICE' does not exist on type 'typeof TaskType'.
src/lib/drama-analyst/agents/characterNetwork/agent.ts(2,10): error TS2305: Module '"@core/types"' has no exported member 'AIAgentConfig'.
src/lib/drama-analyst/agents/characterNetwork/agent.ts(5,18): error TS2339: Property 'CHARACTER_NETWORK' does not exist on type 'typeof TaskType'.
src/lib/drama-analyst/agents/characterVoice/agent.ts(2,10): error TS2305: Module '"@core/types"' has no exported member 'AIAgentConfig'.
src/lib/drama-analyst/agents/characterVoice/agent.ts(5,18): error TS2339: Property 'CHARACTER_VOICE' does not exist on type 'typeof TaskType'.
src/lib/drama-analyst/agents/characterVoice/agent.ts(30,33): error TS2339: Property 'DIALOGUE_FORENSICS' does not exist on type 'typeof TaskType'.
src/lib/drama-analyst/agents/characterVoice/agent.ts(30,62): error TS2339: Property 'SCENE_GENERATOR' does not exist on type 'typeof TaskType'.
src/lib/drama-analyst/agents/characterVoice/agent.ts(31,26): error TS2339: Property 'STYLE_FINGERPRINT' does not exist on type 'typeof TaskType'.
src/lib/drama-analyst/agents/characterVoice/agent.ts(32,25): error TS2339: Property 'SCENE_GENERATOR' does not exist on type 'typeof TaskType'.
src/lib/drama-analyst/agents/completion/agent.ts(2,10): error TS2305: Module '"@core/types"' has no exported member 'AIAgentConfig'.
src/lib/drama-analyst/agents/completion/agent.ts(30,33): error TS2339: Property 'STYLE_FINGERPRINT' does not exist on type 'typeof TaskType'.
src/lib/drama-analyst/agents/completion/agent.ts(30,61): error TS2339: Property 'CHARACTER_VOICE' does not exist on type 'typeof TaskType'.
src/lib/drama-analyst/agents/conflictDynamics/agent.ts(2,10): error TS2305: Module '"@core/types"' has no exported member 'AIAgentConfig'.
src/lib/drama-analyst/agents/conflictDynamics/agent.ts(5,18): error TS2339: Property 'CONFLICT_DYNAMICS' does not exist on type 'typeof TaskType'.
src/lib/drama-analyst/agents/conflictDynamics/agent.ts(30,33): error TS2339: Property 'TENSION_OPTIMIZER' does not exist on type 'typeof TaskType'.
src/lib/drama-analyst/agents/conflictDynamics/agent.ts(32,25): error TS2339: Property 'TENSION_OPTIMIZER' does not exist on type 'typeof TaskType'.
src/lib/drama-analyst/agents/creative/agent.ts(2,10): error TS2305: Module '"@core/types"' has no exported member 'AIAgentConfig'.
src/lib/drama-analyst/agents/creative/agent.ts(30,54): error TS2339: Property 'STYLE_FINGERPRINT' does not exist on type 'typeof TaskType'.
src/lib/drama-analyst/agents/creative/agent.ts(31,26): error TS2339: Property 'STYLE_FINGERPRINT' does not exist on type 'typeof TaskType'.
src/lib/drama-analyst/agents/creative/agent.ts(32,25): error TS2339: Property 'CHARACTER_VOICE' does not exist on type 'typeof TaskType'.
src/lib/drama-analyst/agents/creative/agent.ts(32,51): error TS2339: Property 'SCENE_GENERATOR' does not exist on type 'typeof TaskType'.
src/lib/drama-analyst/agents/culturalHistoricalAnalyzer/agent.ts(2,10): error TS2305: Module '"@core/types"' has no exported member 'AIAgentConfig'.
src/lib/drama-analyst/agents/culturalHistoricalAnalyzer/agent.ts(30,33): error TS2339: Property 'WORLD_BUILDER' does not exist on type 'typeof TaskType'.
src/lib/drama-analyst/agents/culturalHistoricalAnalyzer/agent.ts(32,25): error TS2339: Property 'WORLD_BUILDER' does not exist on type 'typeof TaskType'.
src/lib/drama-analyst/agents/dialogueAdvancedAnalyzer/agent.ts(2,10): error TS2305: Module '"@core/types"' has no exported member 'AIAgentConfig'.
src/lib/drama-analyst/agents/dialogueAdvancedAnalyzer/agent.ts(30,33): error TS2339: Property 'DIALOGUE_FORENSICS' does not exist on type 'typeof TaskType'.
src/lib/drama-analyst/agents/dialogueAdvancedAnalyzer/agent.ts(32,25): error TS2339: Property 'CHARACTER_VOICE' does not exist on type 'typeof TaskType'.
src/lib/drama-analyst/agents/dialogueForensics/agent.ts(2,10): error TS2305: Module '"@core/types"' has no exported member 'AIAgentConfig'.
src/lib/drama-analyst/agents/dialogueForensics/agent.ts(5,18): error TS2339: Property 'DIALOGUE_FORENSICS' does not exist on type 'typeof TaskType'.
src/lib/drama-analyst/agents/dialogueForensics/agent.ts(30,33): error TS2339: Property 'CHARACTER_VOICE' does not exist on type 'typeof TaskType'.
src/lib/drama-analyst/agents/dialogueForensics/agent.ts(32,25): error TS2339: Property 'CHARACTER_VOICE' does not exist on type 'typeof TaskType'.
src/lib/drama-analyst/agents/index.ts(1,10): error TS2305: Module '"@core/types"' has no exported member 'AIAgentConfig'.
src/lib/drama-analyst/agents/index.ts(15,19): error TS2339: Property 'RHYTHM_MAPPING' does not exist on type 'typeof TaskType'.
src/lib/drama-analyst/agents/index.ts(17,19): error TS2339: Property 'CHARACTER_NETWORK' does not exist on type 'typeof TaskType'.
src/lib/drama-analyst/agents/index.ts(19,19): error TS2339: Property 'DIALOGUE_FORENSICS' does not exist on type 'typeof TaskType'.
src/lib/drama-analyst/agents/index.ts(21,19): error TS2339: Property 'THEMATIC_MINING' does not exist on type 'typeof TaskType'.
src/lib/drama-analyst/agents/index.ts(23,19): error TS2339: Property 'STYLE_FINGERPRINT' does not exist on type 'typeof TaskType'.
src/lib/drama-analyst/agents/index.ts(25,19): error TS2339: Property 'CONFLICT_DYNAMICS' does not exist on type 'typeof TaskType'.
src/lib/drama-analyst/agents/index.ts(27,19): error TS2339: Property 'ADAPTIVE_REWRITING' does not exist on type 'typeof TaskType'.
src/lib/drama-analyst/agents/index.ts(29,19): error TS2339: Property 'SCENE_GENERATOR' does not exist on type 'typeof TaskType'.
src/lib/drama-analyst/agents/index.ts(31,19): error TS2339: Property 'CHARACTER_VOICE' does not exist on type 'typeof TaskType'.
src/lib/drama-analyst/agents/index.ts(33,19): error TS2339: Property 'WORLD_BUILDER' does not exist on type 'typeof TaskType'.
src/lib/drama-analyst/agents/index.ts(35,19): error TS2339: Property 'PLOT_PREDICTOR' does not exist on type 'typeof TaskType'.
src/lib/drama-analyst/agents/index.ts(37,19): error TS2339: Property 'TENSION_OPTIMIZER' does not exist on type 'typeof TaskType'.
src/lib/drama-analyst/agents/index.ts(39,19): error TS2339: Property 'AUDIENCE_RESONANCE' does not exist on type 'typeof TaskType'.
src/lib/drama-analyst/agents/index.ts(41,19): error TS2339: Property 'PLATFORM_ADAPTER' does not exist on type 'typeof TaskType'.
src/lib/drama-analyst/agents/integrated/agent.ts(2,10): error TS2305: Module '"@core/types"' has no exported member 'AIAgentConfig'.
src/lib/drama-analyst/agents/literaryQualityAnalyzer/agent.ts(2,10): error TS2305: Module '"@core/types"' has no exported member 'AIAgentConfig'.
src/lib/drama-analyst/agents/literaryQualityAnalyzer/agent.ts(30,33): error TS2339: Property 'STYLE_FINGERPRINT' does not exist on type 'typeof TaskType'.
src/lib/drama-analyst/agents/platformAdapter/agent.ts(2,10): error TS2305: Module '"@core/types"' has no exported member 'AIAgentConfig'.
src/lib/drama-analyst/agents/platformAdapter/agent.ts(5,18): error TS2339: Property 'PLATFORM_ADAPTER' does not exist on type 'typeof TaskType'.
src/lib/drama-analyst/agents/platformAdapter/agent.ts(30,33): error TS2339: Property 'ADAPTIVE_REWRITING' does not exist on type 'typeof TaskType'.
src/lib/drama-analyst/agents/plotPredictor/agent.ts(2,10): error TS2305: Module '"@core/types"' has no exported member 'AIAgentConfig'.
src/lib/drama-analyst/agents/plotPredictor/agent.ts(5,18): error TS2339: Property 'PLOT_PREDICTOR' does not exist on type 'typeof TaskType'.
src/lib/drama-analyst/agents/plotPredictor/agent.ts(30,33): error TS2339: Property 'TENSION_OPTIMIZER' does not exist on type 'typeof TaskType'.
src/lib/drama-analyst/agents/producibilityAnalyzer/agent.ts(2,10): error TS2305: Module '"@core/types"' has no exported member 'AIAgentConfig'.
src/lib/drama-analyst/agents/recommendationsGenerator/agent.ts(2,10): error TS2305: Module '"@core/types"' has no exported member 'AIAgentConfig'.
src/lib/drama-analyst/agents/rhythmMapping/agent.ts(2,10): error TS2305: Module '"@core/types"' has no exported member 'AIAgentConfig'.
src/lib/drama-analyst/agents/rhythmMapping/agent.ts(5,18): error TS2339: Property 'RHYTHM_MAPPING' does not exist on type 'typeof TaskType'.
src/lib/drama-analyst/agents/rhythmMapping/agent.ts(30,33): error TS2339: Property 'TENSION_OPTIMIZER' does not exist on type 'typeof TaskType'.
src/lib/drama-analyst/agents/sceneGenerator/agent.ts(2,10): error TS2305: Module '"@core/types"' has no exported member 'AIAgentConfig'.
src/lib/drama-analyst/agents/sceneGenerator/agent.ts(5,18): error TS2339: Property 'SCENE_GENERATOR' does not exist on type 'typeof TaskType'.
src/lib/drama-analyst/agents/sceneGenerator/agent.ts(30,33): error TS2339: Property 'CHARACTER_VOICE' does not exist on type 'typeof TaskType'.
src/lib/drama-analyst/agents/styleFingerprint/agent.ts(2,10): error TS2305: Module '"@core/types"' has no exported member 'AIAgentConfig'.
src/lib/drama-analyst/agents/styleFingerprint/agent.ts(5,18): error TS2339: Property 'STYLE_FINGERPRINT' does not exist on type 'typeof TaskType'.
src/lib/drama-analyst/agents/styleFingerprint/agent.ts(30,52): error TS2339: Property 'CHARACTER_VOICE' does not exist on type 'typeof TaskType'.
src/lib/drama-analyst/agents/styleFingerprint/agent.ts(32,44): error TS2339: Property 'CHARACTER_VOICE' does not exist on type 'typeof TaskType'.
src/lib/drama-analyst/agents/targetAudienceAnalyzer/agent.ts(2,10): error TS2305: Module '"@core/types"' has no exported member 'AIAgentConfig'.
src/lib/drama-analyst/agents/targetAudienceAnalyzer/agent.ts(30,33): error TS2339: Property 'AUDIENCE_RESONANCE' does not exist on type 'typeof TaskType'.
src/lib/drama-analyst/agents/targetAudienceAnalyzer/agent.ts(32,25): error TS2339: Property 'AUDIENCE_RESONANCE' does not exist on type 'typeof TaskType'.
src/lib/drama-analyst/agents/tensionOptimizer/agent.ts(2,10): error TS2305: Module '"@core/types"' has no exported member 'AIAgentConfig'.
src/lib/drama-analyst/agents/tensionOptimizer/agent.ts(5,18): error TS2339: Property 'TENSION_OPTIMIZER' does not exist on type 'typeof TaskType'.
src/lib/drama-analyst/agents/tensionOptimizer/agent.ts(30,33): error TS2339: Property 'RHYTHM_MAPPING' does not exist on type 'typeof TaskType'.
src/lib/drama-analyst/agents/tensionOptimizer/agent.ts(30,58): error TS2339: Property 'AUDIENCE_RESONANCE' does not exist on type 'typeof TaskType'.
src/lib/drama-analyst/agents/thematicMining/agent.ts(2,10): error TS2305: Module '"@core/types"' has no exported member 'AIAgentConfig'.
src/lib/drama-analyst/agents/thematicMining/agent.ts(5,18): error TS2339: Property 'THEMATIC_MINING' does not exist on type 'typeof TaskType'.
src/lib/drama-analyst/agents/themesMessagesAnalyzer/agent.ts(2,10): error TS2305: Module '"@core/types"' has no exported member 'AIAgentConfig'.
src/lib/drama-analyst/agents/themesMessagesAnalyzer/agent.ts(30,33): error TS2339: Property 'THEMATIC_MINING' does not exist on type 'typeof TaskType'.
src/lib/drama-analyst/agents/visualCinematicAnalyzer/agent.ts(2,10): error TS2305: Module '"@core/types"' has no exported member 'AIAgentConfig'.
src/lib/drama-analyst/agents/worldBuilder/agent.ts(2,10): error TS2305: Module '"@core/types"' has no exported member 'AIAgentConfig'.
src/lib/drama-analyst/agents/worldBuilder/agent.ts(5,18): error TS2339: Property 'WORLD_BUILDER' does not exist on type 'typeof TaskType'.
src/lib/drama-analyst/constants.test.ts(8,3): error TS2305: Module '"./constants"' has no exported member 'SUPPORTED_MIME_TYPES'.
src/lib/drama-analyst/constants.test.ts(9,3): error TS2305: Module '"./constants"' has no exported member 'TASKS_EXPECTING_JSON_RESPONSE'.
src/lib/drama-analyst/constants.test.ts(42,30): error TS2339: Property 'id' does not exist on type 'TaskType'.
src/lib/drama-analyst/constants.test.ts(43,30): error TS2339: Property 'label' does not exist on type 'TaskType'.
src/lib/drama-analyst/constants.test.ts(95,9): error TS18046: 'extensions' is of type 'unknown'.
src/lib/drama-analyst/constants.test.ts(95,28): error TS7006: Parameter 'ext' implicitly has an 'any' type.
src/lib/drama-analyst/constants.test.ts(109,45): error TS7006: Parameter 'taskType' implicitly has an 'any' type.
src/lib/drama-analyst/constants.test.ts(134,30): error TS2339: Property 'id' does not exist on type 'TaskType'.
src/lib/drama-analyst/constants.test.ts(135,30): error TS2339: Property 'label' does not exist on type 'TaskType'.
src/lib/drama-analyst/enums.test.ts(23,23): error TS2339: Property 'RHYTHM_MAPPING' does not exist on type 'typeof TaskType'.
src/lib/drama-analyst/enums.test.ts(27,23): error TS2339: Property 'CHARACTER_NETWORK' does not exist on type 'typeof TaskType'.
src/lib/drama-analyst/enums.test.ts(31,23): error TS2339: Property 'DIALOGUE_FORENSICS' does not exist on type 'typeof TaskType'.
src/lib/drama-analyst/enums.test.ts(35,23): error TS2339: Property 'THEMATIC_MINING' does not exist on type 'typeof TaskType'.
src/lib/drama-analyst/enums.test.ts(39,23): error TS2339: Property 'STYLE_FINGERPRINT' does not exist on type 'typeof TaskType'.
src/lib/drama-analyst/enums.test.ts(43,23): error TS2339: Property 'CONFLICT_DYNAMICS' does not exist on type 'typeof TaskType'.
src/lib/drama-analyst/enums.test.ts(47,23): error TS2339: Property 'ADAPTIVE_REWRITING' does not exist on type 'typeof TaskType'.
src/lib/drama-analyst/enums.test.ts(51,23): error TS2339: Property 'SCENE_GENERATOR' does not exist on type 'typeof TaskType'.
src/lib/drama-analyst/enums.test.ts(55,23): error TS2339: Property 'CHARACTER_VOICE' does not exist on type 'typeof TaskType'.
src/lib/drama-analyst/enums.test.ts(59,23): error TS2339: Property 'WORLD_BUILDER' does not exist on type 'typeof TaskType'.
src/lib/drama-analyst/enums.test.ts(63,23): error TS2339: Property 'PLOT_PREDICTOR' does not exist on type 'typeof TaskType'.
src/lib/drama-analyst/enums.test.ts(67,23): error TS2339: Property 'TENSION_OPTIMIZER' does not exist on type 'typeof TaskType'.
src/lib/drama-analyst/enums.test.ts(71,23): error TS2339: Property 'AUDIENCE_RESONANCE' does not exist on type 'typeof TaskType'.
src/lib/drama-analyst/enums.test.ts(75,23): error TS2339: Property 'PLATFORM_ADAPTER' does not exist on type 'typeof TaskType'.
src/lib/drama-analyst/orchestration/agentFactory.test.ts(192,31): error TS7006: Parameter 'c' implicitly has an 'any' type.
src/lib/drama-analyst/orchestration/agentFactory.test.ts(202,23): error TS7006: Parameter 'config' implicitly has an 'any' type.
src/lib/drama-analyst/orchestration/agentFactory.test.ts(219,31): error TS7006: Parameter 'c' implicitly has an 'any' type.
src/lib/drama-analyst/orchestration/agentFactory.test.ts(227,38): error TS7006: Parameter 'c' implicitly has an 'any' type.
src/lib/drama-analyst/orchestration/agentFactory.test.ts(246,26): error TS7006: Parameter 'config' implicitly has an 'any' type.
src/lib/drama-analyst/orchestration/agentFactory.ts(1,31): error TS2307: Cannot find module '@agents/index' or its corresponding type declarations.
src/lib/drama-analyst/orchestration/agentFactory.ts(3,10): error TS2305: Module '"@core/types"' has no exported member 'AIAgentConfig'.
src/lib/drama-analyst/orchestration/agentFactory.ts(6,21): error TS7006: Parameter 'config' implicitly has an 'any' type.
src/lib/drama-analyst/orchestration/executor.test.ts(2,10): error TS2305: Module '"./executor"' has no exported member 'prepareFiles'.
src/lib/drama-analyst/orchestration/executor.test.ts(47,9): error TS2353: Object literal may only specify known properties, and 'name' does not exist in type 'ProcessedFile'.
src/lib/drama-analyst/orchestration/executor.test.ts(96,11): error TS2353: Object literal may only specify known properties, and 'name' does not exist in type 'ProcessedFile'.
src/lib/drama-analyst/orchestration/executor.test.ts(97,11): error TS2353: Object literal may only specify known properties, and 'name' does not exist in type 'ProcessedFile'.
src/lib/drama-analyst/orchestration/executor.test.ts(118,9): error TS2353: Object literal may only specify known properties, and 'name' does not exist in type 'ProcessedFile'.
src/lib/drama-analyst/orchestration/executor.test.ts(132,16): error TS18048: 'result.error' is possibly 'undefined'.
src/lib/drama-analyst/orchestration/executor.test.ts(143,16): error TS18048: 'result.error' is possibly 'undefined'.
src/lib/drama-analyst/orchestration/executor.test.ts(151,11): error TS2353: Object literal may only specify known properties, and 'agent' does not exist in type 'AIResponse'.
src/lib/drama-analyst/orchestration/executor.test.ts(165,16): error TS18048: 'result.value' is possibly 'undefined'.
src/lib/drama-analyst/orchestration/executor.test.ts(165,29): error TS2339: Property 'agent' does not exist on type 'AIResponse'.
src/lib/drama-analyst/orchestration/executor.test.ts(166,16): error TS18048: 'result.value' is possibly 'undefined'.
src/lib/drama-analyst/orchestration/executor.test.ts(185,16): error TS18048: 'result.error' is possibly 'undefined'.
src/lib/drama-analyst/orchestration/executor.test.ts(195,11): error TS2353: Object literal may only specify known properties, and 'agent' does not exist in type 'AIResponse'.
src/lib/drama-analyst/orchestration/executor.test.ts(209,16): error TS18048: 'result.value' is possibly 'undefined'.
src/lib/drama-analyst/orchestration/executor.test.ts(209,29): error TS2339: Property 'agent' does not exist on type 'AIResponse'.
src/lib/drama-analyst/orchestration/executor.test.ts(217,13): error TS2353: Object literal may only specify known properties, and 'name' does not exist in type 'ProcessedFile'.
src/lib/drama-analyst/orchestration/executor.test.ts(218,13): error TS2353: Object literal may only specify known properties, and 'name' does not exist in type 'ProcessedFile'.
src/lib/drama-analyst/orchestration/executor.test.ts(225,11): error TS2353: Object literal may only specify known properties, and 'agent' does not exist in type 'AIResponse'.
src/lib/drama-analyst/orchestration/executor.test.ts(244,9): error TS2353: Object literal may only specify known properties, and 'parameters' does not exist in type 'AIRequest'.
src/lib/drama-analyst/orchestration/executor.test.ts(253,11): error TS2353: Object literal may only specify known properties, and 'agent' does not exist in type 'AIResponse'.
src/lib/drama-analyst/orchestration/orchestration.ts(3,31): error TS2307: Cannot find module '@agents/index' or its corresponding type declarations.
src/lib/drama-analyst/orchestration/orchestration.ts(4,10): error TS2305: Module '"@core/types"' has no exported member 'AIAgentCapabilities'.
src/lib/drama-analyst/orchestration/orchestration.ts(4,31): error TS2305: Module '"@core/types"' has no exported member 'AIAgentConfig'.
src/lib/drama-analyst/orchestration/orchestration.ts(43,27): error TS7006: Parameter 'config' implicitly has an 'any' type.
src/lib/drama-analyst/orchestration/orchestration.ts(56,38): error TS7006: Parameter 'collaboratorId' implicitly has an 'any' type.
src/lib/drama-analyst/orchestration/orchestration.ts(61,31): error TS7006: Parameter 'dependencyId' implicitly has an 'any' type.
src/lib/drama-analyst/orchestration/orchestration.ts(66,30): error TS7006: Parameter 'enhancedId' implicitly has an 'any' type.
src/lib/drama-analyst/orchestration/orchestration.ts(128,33): error TS7006: Parameter 'dep' implicitly has an 'any' type.
src/lib/drama-analyst/orchestration/promptBuilder.test.ts(14,3): error TS2304: Cannot find name 'beforeEach'.
src/lib/drama-analyst/orchestration/promptBuilder.test.ts(23,11): error TS2353: Object literal may only specify known properties, and 'name' does not exist in type 'ProcessedFile'.
src/lib/drama-analyst/orchestration/promptBuilder.test.ts(42,13): error TS2353: Object literal may only specify known properties, and 'name' does not exist in type 'ProcessedFile'.
src/lib/drama-analyst/orchestration/promptBuilder.test.ts(48,13): error TS2353: Object literal may only specify known properties, and 'name' does not exist in type 'ProcessedFile'.
src/lib/drama-analyst/orchestration/promptBuilder.test.ts(65,11): error TS2353: Object literal may only specify known properties, and 'name' does not exist in type 'ProcessedFile'.
src/lib/drama-analyst/orchestration/promptBuilder.test.ts(85,11): error TS2353: Object literal may only specify known properties, and 'name' does not exist in type 'ProcessedFile'.
src/lib/drama-analyst/orchestration/promptBuilder.test.ts(101,11): error TS2353: Object literal may only specify known properties, and 'name' does not exist in type 'ProcessedFile'.
src/lib/drama-analyst/orchestration/promptBuilder.test.ts(114,13): error TS2739: Type '{ agent: TaskType; files: never[]; }' is missing the following properties from type 'AIRequest': prompt, params
src/lib/drama-analyst/orchestration/promptBuilder.test.ts(129,11): error TS2353: Object literal may only specify known properties, and 'name' does not exist in type 'ProcessedFile'.
src/lib/drama-analyst/orchestration/promptBuilder.ts(1,27): error TS2307: Cannot find module '../core/types' or its corresponding type declarations.
src/lib/drama-analyst/orchestration/promptBuilder.ts(5,33): error TS2339: Property 'getInstructionFor' does not exist on type 'typeof import("/workspace/src/lib/drama-analyst/agents/taskInstructions")'.
src/lib/drama-analyst/orchestration/promptBuilder.ts(6,36): error TS7006: Parameter 'f' implicitly has an 'any' type.
src/lib/drama-analyst/services/analyticsService.ts(161,11): error TS2393: Duplicate function implementation.
src/lib/drama-analyst/services/analyticsService.ts(368,10): error TS2393: Duplicate function implementation.
src/lib/drama-analyst/services/analyticsService.ts(386,34): error TS2379: Argument of type '{ event_category: string; conversion_type: string; value: number | undefined; }' is not assignable to parameter of type 'EventParams' with 'exactOptionalPropertyTypes: true'. Consider adding 'undefined' to the types of the target's properties.
  Types of property 'value' are incompatible.
    Type 'number | undefined' is not assignable to type 'number'.
      Type 'undefined' is not assignable to type 'number'.
src/lib/drama-analyst/services/errorHandler.test.ts(135,14): error TS2532: Object is possibly 'undefined'.
src/lib/drama-analyst/services/errorHandler.test.ts(136,14): error TS2532: Object is possibly 'undefined'.
src/lib/drama-analyst/services/errorHandler.test.ts(156,14): error TS2532: Object is possibly 'undefined'.
src/lib/drama-analyst/services/errorHandler.test.ts(160,14): error TS2532: Object is possibly 'undefined'.
src/lib/drama-analyst/services/errorHandler.test.ts(171,14): error TS2532: Object is possibly 'undefined'.
src/lib/drama-analyst/services/errorHandler.test.ts(175,14): error TS2532: Object is possibly 'undefined'.
src/lib/drama-analyst/services/errorHandler.ts(63,11): error TS2375: Type '{ userId?: string; sessionId?: string; timestamp: string; userAgent: string; url: string; component?: string; action?: string; metadata?: Record<string, any>; }' is not assignable to type 'ErrorContext' with 'exactOptionalPropertyTypes: true'. Consider adding 'undefined' to the types of the target's properties.
  Types of property 'userAgent' are incompatible.
    Type 'string | undefined' is not assignable to type 'string'.
      Type 'undefined' is not assignable to type 'string'.
src/lib/drama-analyst/services/errorHandler.ts(71,11): error TS2375: Type '{ name: string; message: string; type: ErrorType; context: ErrorContext; originalError: Error | undefined; severity: "critical" | "high" | "medium" | "low"; recoverable: boolean; errorId: string; }' is not assignable to type 'DetailedError' with 'exactOptionalPropertyTypes: true'. Consider adding 'undefined' to the types of the target's properties.
  Types of property 'originalError' are incompatible.
    Type 'Error | undefined' is not assignable to type 'Error'.
      Type 'undefined' is not assignable to type 'Error'.
src/lib/drama-analyst/services/errorHandler.ts(102,36): error TS2379: Argument of type '{ url: string | undefined; component: string; userId?: string; sessionId?: string; timestamp?: string; userAgent?: string; action?: string; metadata?: Record<string, any>; }' is not assignable to parameter of type 'Partial<ErrorContext>' with 'exactOptionalPropertyTypes: true'. Consider adding 'undefined' to the types of the target's properties.
  Types of property 'url' are incompatible.
    Type 'string | undefined' is not assignable to type 'string'.
      Type 'undefined' is not assignable to type 'string'.
src/lib/drama-analyst/services/errorHandler.ts(117,36): error TS2379: Argument of type '{ action: string | undefined; component: string; userId?: string; sessionId?: string; timestamp?: string; userAgent?: string; url?: string; metadata?: Record<string, any>; }' is not assignable to parameter of type 'Partial<ErrorContext>' with 'exactOptionalPropertyTypes: true'. Consider adding 'undefined' to the types of the target's properties.
  Types of property 'action' are incompatible.
    Type 'string | undefined' is not assignable to type 'string'.
      Type 'undefined' is not assignable to type 'string'.
src/lib/drama-analyst/services/fileReaderService.ts(1,39): error TS2307: Cannot find module '../core/types' or its corresponding type declarations.
src/lib/drama-analyst/services/fileReaderService.ts(19,36): error TS2532: Object is possibly 'undefined'.
src/lib/drama-analyst/services/geminiService.ts(2,47): error TS2307: Cannot find module '../core/types' or its corresponding type declarations.
src/lib/drama-analyst/services/loggerService.test.ts(52,14): error TS2532: Object is possibly 'undefined'.
src/lib/drama-analyst/services/loggerService.test.ts(53,14): error TS2532: Object is possibly 'undefined'.
src/lib/drama-analyst/services/loggerService.test.ts(54,14): error TS2532: Object is possibly 'undefined'.
src/lib/drama-analyst/services/loggerService.test.ts(64,14): error TS2532: Object is possibly 'undefined'.
src/lib/drama-analyst/services/loggerService.test.ts(77,14): error TS2532: Object is possibly 'undefined'.
src/lib/drama-analyst/services/loggerService.test.ts(95,14): error TS2532: Object is possibly 'undefined'.
src/lib/drama-analyst/services/loggerService.test.ts(96,14): error TS2532: Object is possibly 'undefined'.
src/lib/drama-analyst/services/loggerService.test.ts(103,19): error TS2540: Cannot assign to 'NODE_ENV' because it is a read-only property.
src/lib/drama-analyst/services/loggerService.test.ts(111,19): error TS2540: Cannot assign to 'NODE_ENV' because it is a read-only property.
src/lib/drama-analyst/services/loggerService.ts(134,11): error TS2375: Type '{ level: LogLevel; message: string; timestamp: string; context: any; source: string | undefined; }' is not assignable to type 'LogEntry' with 'exactOptionalPropertyTypes: true'. Consider adding 'undefined' to the types of the target's properties.
  Types of property 'source' are incompatible.
    Type 'string | undefined' is not assignable to type 'string'.
      Type 'undefined' is not assignable to type 'string'.
src/lib/drama-analyst/services/observability.ts(3,10): error TS2724: '"./analyticsService"' has no exported member named 'setGAUserProperties'. Did you mean 'UserProperties'?
src/lib/drama-analyst/services/observability.ts(3,31): error TS2305: Module '"./analyticsService"' has no exported member 'sendGAEvent'.
src/lib/drama-analyst/services/observability.ts(4,10): error TS2440: Import declaration conflicts with local declaration of 'initUptimeMonitoring'.
src/lib/drama-analyst/services/observability.ts(82,11): error TS2353: Object literal may only specify known properties, and 'routingInstrumentation' does not exist in type 'Partial<BrowserTracingOptions>'.
src/lib/drama-analyst/services/observability.ts(82,42): error TS2339: Property 'reactRouterV6Instrumentation' does not exist on type 'typeof import("/workspace/node_modules/.pnpm/@sentry+react@8.55.0_react@18.3.1/node_modules/@sentry/react/build/types/index")'.
src/lib/drama-analyst/services/observability.ts(218,25): error TS2561: Object literal may only specify known properties, but 'entryType' does not exist in type 'PerformanceObserverInit'. Did you mean to write 'entryTypes'?
src/lib/drama-analyst/services/observability.ts(227,23): error TS2304: Cannot find name 'dsn'.
src/lib/drama-analyst/services/observability.ts(228,26): error TS2304: Cannot find name 'isProduction'.
src/lib/drama-analyst/services/observability.ts(229,15): error TS2304: Cannot find name 'isProduction'.
src/lib/drama-analyst/services/observability.ts(262,63): error TS2554: Expected 1-3 arguments, but got 4.
src/lib/drama-analyst/services/observability.ts(263,34): error TS2345: Argument of type '{ extra: Record<string, any> | undefined; }' is not assignable to parameter of type 'ExclusiveEventHintOrCaptureContext | undefined'.
  Type '{ extra: Record<string, any> | undefined; }' is not assignable to type '(Scope & Partial<{ event_id?: never; captureContext?: never; mechanism?: never; syntheticException?: never; originalException?: never; attachments?: never; data?: never; integrations?: never; }>) | (Partial<...> & Partial<...>) | (((scope: Scope) => Scope) & Partial<...>) | (EventHint & Partial<...>)'.
    Type '{ extra: Record<string, any> | undefined; }' is not assignable to type 'EventHint & Partial<{ user: never; level: never; extra: never; contexts: never; tags: never; fingerprint: never; requestSession: never; propagationContext: never; }>' with 'exactOptionalPropertyTypes: true'. Consider adding 'undefined' to the types of the target's properties.
      Type '{ extra: Record<string, any> | undefined; }' is not assignable to type 'Partial<{ user: never; level: never; extra: never; contexts: never; tags: never; fingerprint: never; requestSession: never; propagationContext: never; }>' with 'exactOptionalPropertyTypes: true'. Consider adding 'undefined' to the types of the target's properties.
        Types of property 'extra' are incompatible.
          Type 'Record<string, any> | undefined' is not assignable to type 'never'.
            Type 'undefined' is not assignable to type 'never'.
src/lib/drama-analyst/services/observability.ts(272,24): error TS2379: Argument of type '{ message: string; category: string; level: "info"; data: Record<string, any> | undefined; }' is not assignable to parameter of type 'Breadcrumb' with 'exactOptionalPropertyTypes: true'. Consider adding 'undefined' to the types of the target's properties.
  Types of property 'data' are incompatible.
    Type 'Record<string, any> | undefined' is not assignable to type '{ [key: string]: any; }'.
      Type 'undefined' is not assignable to type '{ [key: string]: any; }'.
src/lib/drama-analyst/services/observability.ts(301,42): error TS2339: Property 'initGA4' does not exist on type 'typeof import("/workspace/src/lib/drama-analyst/services/analyticsService")'.
src/lib/drama-analyst/services/observability.ts(339,23): error TS2304: Cannot find name 'dsn'.
src/lib/drama-analyst/services/uptimeMonitoringService.ts(5,10): error TS2305: Module '"./analyticsService"' has no exported member 'sendGAEvent'.
src/lib/drama-analyst/services/uptimeMonitoringService.ts(294,28): error TS2561: Object literal may only specify known properties, but 'entryType' does not exist in type 'PerformanceObserverInit'. Did you mean to write 'entryTypes'?
src/lib/drama-analyst/services/webVitalsService.ts(4,10): error TS2305: Module '"web-vitals"' has no exported member 'getCLS'.
src/lib/drama-analyst/services/webVitalsService.ts(4,18): error TS2305: Module '"web-vitals"' has no exported member 'getFID'.
src/lib/drama-analyst/services/webVitalsService.ts(4,26): error TS2305: Module '"web-vitals"' has no exported member 'getFCP'.
src/lib/drama-analyst/services/webVitalsService.ts(4,34): error TS2305: Module '"web-vitals"' has no exported member 'getLCP'.
src/lib/drama-analyst/services/webVitalsService.ts(4,42): error TS2305: Module '"web-vitals"' has no exported member 'getTTFB'.
src/lib/drama-analyst/services/webVitalsService.ts(7,10): error TS2305: Module '"./analyticsService"' has no exported member 'sendGAEvent'.
src/lib/drama-analyst/services/webVitalsService.ts(66,13): error TS7006: Parameter 'metric' implicitly has an 'any' type.
src/lib/drama-analyst/services/webVitalsService.ts(71,13): error TS7006: Parameter 'metric' implicitly has an 'any' type.
src/lib/drama-analyst/services/webVitalsService.ts(76,13): error TS7006: Parameter 'metric' implicitly has an 'any' type.
src/lib/drama-analyst/services/webVitalsService.ts(81,13): error TS7006: Parameter 'metric' implicitly has an 'any' type.
src/lib/drama-analyst/services/webVitalsService.ts(86,14): error TS7006: Parameter 'metric' implicitly has an 'any' type.
src/lib/drama-analyst/services/webVitalsService.ts(110,13): error TS2322: Type '"NavigationTiming"' is not assignable to type '"CLS" | "FCP" | "FID" | "INP" | "LCP" | "TTFB"'.
src/lib/drama-analyst/services/webVitalsService.ts(122,62): error TS2339: Property 'domLoading' does not exist on type 'PerformanceNavigationTiming'.
src/lib/drama-analyst/services/webVitalsService.ts(131,24): error TS2561: Object literal may only specify known properties, but 'entryType' does not exist in type 'PerformanceObserverInit'. Did you mean to write 'entryTypes'?
src/lib/drama-analyst/services/webVitalsService.ts(144,15): error TS2322: Type '"SlowResource"' is not assignable to type '"CLS" | "FCP" | "FID" | "INP" | "LCP" | "TTFB"'.
src/lib/drama-analyst/services/webVitalsService.ts(148,15): error TS2322: Type 'undefined' is not assignable to type '"reload" | "navigate" | "back-forward" | "back-forward-cache" | "prerender" | "restore"'.
src/lib/drama-analyst/services/webVitalsService.ts(163,24): error TS2561: Object literal may only specify known properties, but 'entryType' does not exist in type 'PerformanceObserverInit'. Did you mean to write 'entryTypes'?
src/lib/drama-analyst/services/webVitalsService.ts(176,13): error TS2322: Type '"LongTask"' is not assignable to type '"CLS" | "FCP" | "FID" | "INP" | "LCP" | "TTFB"'.
src/lib/drama-analyst/services/webVitalsService.ts(180,13): error TS2322: Type 'undefined' is not assignable to type '"reload" | "navigate" | "back-forward" | "back-forward-cache" | "prerender" | "restore"'.
src/lib/drama-analyst/services/webVitalsService.ts(193,26): error TS2561: Object literal may only specify known properties, but 'entryType' does not exist in type 'PerformanceObserverInit'. Did you mean to write 'entryTypes'?
src/lib/drama-analyst/services/webVitalsService.ts(220,11): error TS2322: Type '"FileProcessingTime"' is not assignable to type '"CLS" | "FCP" | "FID" | "INP" | "LCP" | "TTFB"'.
src/lib/drama-analyst/services/webVitalsService.ts(224,11): error TS2322: Type 'undefined' is not assignable to type '"reload" | "navigate" | "back-forward" | "back-forward-cache" | "prerender" | "restore"'.
src/lib/drama-analyst/services/webVitalsService.ts(251,11): error TS2322: Type '"APICallTime"' is not assignable to type '"CLS" | "FCP" | "FID" | "INP" | "LCP" | "TTFB"'.
src/lib/drama-analyst/services/webVitalsService.ts(255,11): error TS2322: Type 'undefined' is not assignable to type '"reload" | "navigate" | "back-forward" | "back-forward-cache" | "prerender" | "restore"'.
src/lib/drama-analyst/services/webVitalsService.ts(270,11): error TS2322: Type '"APICallError"' is not assignable to type '"CLS" | "FCP" | "FID" | "INP" | "LCP" | "TTFB"'.
src/lib/drama-analyst/services/webVitalsService.ts(274,11): error TS2322: Type 'undefined' is not assignable to type '"reload" | "navigate" | "back-forward" | "back-forward-cache" | "prerender" | "restore"'.
src/lib/drama-analyst/services/webVitalsService.ts(294,7): error TS2322: Type '(...args: any[]) => DetailedReactHTMLElement<InputHTMLAttributes<HTMLInputElement>, HTMLInputElement>' is not assignable to type '{ (type: "input", props?: (InputHTMLAttributes<HTMLInputElement> & ClassAttributes<HTMLInputElement>) | null | undefined, ...children: ReactNode[]): DetailedReactHTMLElement<...>; <P extends HTMLAttributes<T>, T extends HTMLElement>(type: keyof ReactHTML, props?: (ClassAttributes<...> & P) | ... 1 more ... | undefin...'.
  Call signature return types 'DetailedReactHTMLElement<InputHTMLAttributes<HTMLInputElement>, HTMLInputElement>' and 'ReactSVGElement' are incompatible.
    The types of 'type' are incompatible between these types.
      Type 'keyof ReactHTML' is not assignable to type 'keyof ReactSVG'.
        Type '"object"' is not assignable to type 'keyof ReactSVG'.
src/lib/drama-analyst/services/webVitalsService.ts(294,37): error TS7019: Rest parameter 'args' implicitly has an 'any[]' type.
src/lib/drama-analyst/services/webVitalsService.ts(300,47): error TS2556: A spread argument must either have a tuple type or be passed to a rest parameter.
src/lib/drama-analyst/services/webVitalsService.ts(502,7): error TS2322: Type 'string' is not assignable to type '"CLS" | "FCP" | "FID" | "INP" | "LCP" | "TTFB"'.
src/lib/drama-analyst/services/webVitalsService.ts(506,7): error TS2322: Type 'undefined' is not assignable to type '"reload" | "navigate" | "back-forward" | "back-forward-cache" | "prerender" | "restore"'.
src/lib/web-vitals.ts(2,3): error TS2305: Module '"web-vitals"' has no exported member 'getCLS'.
src/lib/web-vitals.ts(3,3): error TS2305: Module '"web-vitals"' has no exported member 'getFID'.
src/lib/web-vitals.ts(4,3): error TS2305: Module '"web-vitals"' has no exported member 'getFCP'.
src/lib/web-vitals.ts(5,3): error TS2305: Module '"web-vitals"' has no exported member 'getLCP'.
src/lib/web-vitals.ts(6,3): error TS2305: Module '"web-vitals"' has no exported member 'getTTFB'.
tests/e2e/performance.spec.ts(18,58): error TS2339: Property 'value' does not exist on type 'PerformanceEntry'.
tests/e2e/performance.spec.ts(19,58): error TS2339: Property 'value' does not exist on type 'PerformanceEntry'.
tests/e2e/performance.spec.ts(20,58): error TS2339: Property 'value' does not exist on type 'PerformanceEntry'.
ELIFECYCLE Command failed with exit code 2.
